<?xml version="1.0" encoding="UTF-8"?>
<testsuite xmlns:xsi="http://www.w3.org/2001/XMLSchema-instance" xsi:noNamespaceSchemaLocation="https://maven.apache.org/surefire/maven-surefire-plugin/xsd/surefire-test-report-3.0.xsd" version="3.0" name="com.AppTest" time="0.022" tests="7" errors="0" skipped="0" failures="0">
  <properties>
[...]
</properties>
  <testcase name="testAdditionLogic" classname="com.AppTest" time="0.011">
    <system-out><![CDATA[Test Penambahan Sukses!
]]></system-out>
    <system-err><![CDATA[log4j:WARN No appenders could be found for logger (com.App).
log4j:WARN Please initialize the log4j system properly.
log4j:WARN See http://logging.apache.org/log4j/1.2/faq.html#noconfig for more info.
]]></system-err>
  </testcase>
  <testcase name="testRawNumberLogic" classname="com.AppTest" time="0.0">
    <system-out><![CDATA[Test Angka Polos Sukses!
]]></system-out>
  </testcase>
  <testcase name="testLetVariableLogic" classname="com.AppTest" time="0.001">
    <system-out><![CDATA[Test Let (Variabel) Sukses!
]]></system-out>
  </testcase>
  <testcase name="testMultiplicationLogic" classname="com.AppTest" time="0.0">
    <system-out><![CDATA[Test Perkalian Sukses!
]]></system-out>
  </testcase>
  <testcase name="testNestedExpressionLogic" classname="com.AppTest" time="0.0">
    <system-out><![CDATA[Test Ekspresi Bertingkat Sukses!
]]></system-out>
  </testcase>
  <testcase name="testSubtractionLogic" classname="com.AppTest" time="0.001">
    <system-out><![CDATA[Test Pengurangan Sukses!
]]></system-out>
  </testcase>
  <testcase name="testDivisionLogic" classname="com.AppTest" time="0.0">
    <system-out><![CDATA[Test Pembagian Sukses!
]]></system-out>
  </testcase>
</testsuite>